{"C:\\Users\\flavi\\code\\task-manager\\src\\server.ts": {"path":"C:\\Users\\flavi\\code\\task-manager\\src\\server.ts","statementMap":{"0":{"start":{"line":1,"column":0},"end":{"line":1,"column":30}},"1":{"start":{"line":2,"column":0},"end":{"line":2,"column":31}},"2":{"start":{"line":3,"column":0},"end":{"line":3,"column":35}},"3":{"start":{"line":4,"column":0},"end":{"line":4,"column":58}},"4":{"start":{"line":5,"column":0},"end":{"line":5,"column":61}},"5":{"start":{"line":6,"column":0},"end":{"line":6,"column":58}},"6":{"start":{"line":7,"column":0},"end":{"line":7,"column":66}},"7":{"start":{"line":8,"column":0},"end":{"line":8,"column":58}},"8":{"start":{"line":9,"column":0},"end":{"line":9,"column":71}},"9":{"start":{"line":10,"column":0},"end":{"line":10,"column":56}},"10":{"start":{"line":11,"column":0},"end":{"line":11,"column":54}},"11":{"start":{"line":13,"column":13},"end":{"line":13,"column":29}},"12":{"start":{"line":15,"column":0},"end":{"line":17,"column":3}},"13":{"start":{"line":19,"column":0},"end":{"line":19,"column":30}},"14":{"start":{"line":20,"column":0},"end":{"line":20,"column":32}},"15":{"start":{"line":21,"column":0},"end":{"line":21,"column":30}},"16":{"start":{"line":22,"column":0},"end":{"line":22,"column":34}},"17":{"start":{"line":23,"column":0},"end":{"line":23,"column":30}},"18":{"start":{"line":24,"column":0},"end":{"line":24,"column":36}},"19":{"start":{"line":25,"column":0},"end":{"line":25,"column":29}},"20":{"start":{"line":26,"column":0},"end":{"line":26,"column":28}},"21":{"start":{"line":28,"column":0},"end":{"line":30,"column":3}},"22":{"start":{"line":29,"column":2},"end":{"line":29,"column":63}}},"fnMap":{"0":{"name":"(anonymous_1)","decl":{"start":{"line":28,"column":32},"end":{"line":28,"column":35}},"loc":{"start":{"line":28,"column":37},"end":{"line":30,"column":1}}}},"branchMap":{"0":{"loc":{"start":{"line":16,"column":10},"end":{"line":16,"column":56}},"type":"binary-expr","locations":[{"start":{"line":16,"column":10},"end":{"line":16,"column":32}},{"start":{"line":16,"column":36},"end":{"line":16,"column":56}}]}},"s":{"0":1,"1":1,"2":1,"3":1,"4":1,"5":1,"6":1,"7":1,"8":1,"9":1,"10":1,"11":1,"12":1,"13":1,"14":1,"15":1,"16":1,"17":1,"18":1,"19":1,"20":1,"21":1,"22":1},"f":{"0":1},"b":{"0":[1,0]}}
,"C:\\Users\\flavi\\code\\task-manager\\src\\lib\\prisma.ts": {"path":"C:\\Users\\flavi\\code\\task-manager\\src\\lib\\prisma.ts","statementMap":{"0":{"start":{"line":1,"column":0},"end":{"line":1,"column":46}},"1":{"start":{"line":2,"column":0},"end":{"line":2,"column":35}},"2":{"start":{"line":4,"column":24},"end":{"line":4,"column":null}},"3":{"start":{"line":8,"column":13},"end":{"line":12,"column":5}},"4":{"start":{"line":14,"column":0},"end":{"line":14,"column":75}},"5":{"start":{"line":14,"column":43},"end":{"line":14,"column":75}}},"fnMap":{},"branchMap":{"0":{"loc":{"start":{"line":9,"column":2},"end":{"line":12,"column":4}},"type":"binary-expr","locations":[{"start":{"line":9,"column":2},"end":{"line":9,"column":24}},{"start":{"line":10,"column":2},"end":{"line":12,"column":4}}]},"1":{"loc":{"start":{"line":14,"column":0},"end":{"line":14,"column":75}},"type":"if","locations":[{"start":{"line":14,"column":0},"end":{"line":14,"column":75}},{"start":{},"end":{}}]}},"s":{"0":1,"1":1,"2":1,"3":1,"4":1,"5":1},"f":{},"b":{"0":[1,1],"1":[1,0]}}
,"C:\\Users\\flavi\\code\\task-manager\\src\\routes\\authenticate.ts": {"path":"C:\\Users\\flavi\\code\\task-manager\\src\\routes\\authenticate.ts","statementMap":{"0":{"start":{"line":1,"column":0},"end":{"line":1,"column":30}},"1":{"start":{"line":2,"column":0},"end":{"line":2,"column":42}},"2":{"start":{"line":3,"column":0},"end":{"line":3,"column":20}},"3":{"start":{"line":7,"column":2},"end":{"line":42,"column":5}},"4":{"start":{"line":8,"column":4},"end":{"line":41,"column":5}},"5":{"start":{"line":9,"column":37},"end":{"line":12,"column":8}},"6":{"start":{"line":14,"column":34},"end":{"line":14,"column":76}},"7":{"start":{"line":16,"column":19},"end":{"line":18,"column":8}},"8":{"start":{"line":20,"column":6},"end":{"line":22,"column":7}},"9":{"start":{"line":21,"column":8},"end":{"line":21,"column":77}},"10":{"start":{"line":24,"column":20},"end":{"line":29,"column":null}},"11":{"start":{"line":32,"column":6},"end":{"line":32,"column":47}},"12":{"start":{"line":34,"column":6},"end":{"line":39,"column":7}},"13":{"start":{"line":35,"column":8},"end":{"line":38,"column":11}},"14":{"start":{"line":40,"column":6},"end":{"line":40,"column":66}},"15":{"start":{"line":6,"column":0},"end":{"line":6,"column":7}}},"fnMap":{"0":{"name":"authenticateRoute","decl":{"start":{"line":6,"column":22},"end":{"line":6,"column":39}},"loc":{"start":{"line":6,"column":60},"end":{"line":43,"column":1}}},"1":{"name":"(anonymous_2)","decl":{"start":{"line":7,"column":24},"end":{"line":7,"column":29}},"loc":{"start":{"line":7,"column":49},"end":{"line":42,"column":3}}}},"branchMap":{"0":{"loc":{"start":{"line":20,"column":6},"end":{"line":22,"column":7}},"type":"if","locations":[{"start":{"line":20,"column":6},"end":{"line":22,"column":7}},{"start":{},"end":{}}]},"1":{"loc":{"start":{"line":20,"column":10},"end":{"line":20,"column":67}},"type":"binary-expr","locations":[{"start":{"line":20,"column":10},"end":{"line":20,"column":15}},{"start":{"line":20,"column":19},"end":{"line":20,"column":67}}]},"2":{"loc":{"start":{"line":34,"column":6},"end":{"line":39,"column":7}},"type":"if","locations":[{"start":{"line":34,"column":6},"end":{"line":39,"column":7}},{"start":{},"end":{}}]}},"s":{"0":1,"1":1,"2":1,"3":1,"4":0,"5":0,"6":0,"7":0,"8":0,"9":0,"10":0,"11":0,"12":0,"13":0,"14":0,"15":1},"f":{"0":1,"1":0},"b":{"0":[0,0],"1":[0,0],"2":[0,0]}}
,"C:\\Users\\flavi\\code\\task-manager\\src\\routes\\create-category.ts": {"path":"C:\\Users\\flavi\\code\\task-manager\\src\\routes\\create-category.ts","statementMap":{"0":{"start":{"line":2,"column":0},"end":{"line":2,"column":24}},"1":{"start":{"line":3,"column":0},"end":{"line":3,"column":42}},"2":{"start":{"line":6,"column":2},"end":{"line":39,"column":5}},"3":{"start":{"line":7,"column":4},"end":{"line":38,"column":5}},"4":{"start":{"line":9,"column":6},"end":{"line":9,"column":32}},"5":{"start":{"line":11,"column":35},"end":{"line":15,"column":8}},"6":{"start":{"line":17,"column":23},"end":{"line":17,"column":63}},"7":{"start":{"line":18,"column":21},"end":{"line":18,"column":37}},"8":{"start":{"line":21,"column":23},"end":{"line":26,"column":8}},"9":{"start":{"line":28,"column":6},"end":{"line":28,"column":65}},"10":{"start":{"line":30,"column":6},"end":{"line":34,"column":7}},"11":{"start":{"line":31,"column":8},"end":{"line":33,"column":74}},"12":{"start":{"line":37,"column":6},"end":{"line":37,"column":78}},"13":{"start":{"line":5,"column":0},"end":{"line":5,"column":7}}},"fnMap":{"0":{"name":"createCategoryRoute","decl":{"start":{"line":5,"column":22},"end":{"line":5,"column":41}},"loc":{"start":{"line":5,"column":62},"end":{"line":40,"column":1}}},"1":{"name":"(anonymous_1)","decl":{"start":{"line":6,"column":26},"end":{"line":6,"column":31}},"loc":{"start":{"line":6,"column":51},"end":{"line":39,"column":3}}}},"branchMap":{"0":{"loc":{"start":{"line":30,"column":6},"end":{"line":34,"column":7}},"type":"if","locations":[{"start":{"line":30,"column":6},"end":{"line":34,"column":7}},{"start":{},"end":{}}]}},"s":{"0":1,"1":1,"2":1,"3":0,"4":0,"5":0,"6":0,"7":0,"8":0,"9":0,"10":0,"11":0,"12":0,"13":1},"f":{"0":1,"1":0},"b":{"0":[0,0]}}
,"C:\\Users\\flavi\\code\\task-manager\\src\\routes\\create-task.ts": {"path":"C:\\Users\\flavi\\code\\task-manager\\src\\routes\\create-task.ts","statementMap":{"0":{"start":{"line":2,"column":0},"end":{"line":2,"column":24}},"1":{"start":{"line":3,"column":0},"end":{"line":3,"column":42}},"2":{"start":{"line":6,"column":2},"end":{"line":47,"column":5}},"3":{"start":{"line":7,"column":4},"end":{"line":13,"column":5}},"4":{"start":{"line":8,"column":6},"end":{"line":8,"column":32}},"5":{"start":{"line":10,"column":6},"end":{"line":12,"column":68}},"6":{"start":{"line":15,"column":29},"end":{"line":19,"column":6}},"7":{"start":{"line":21,"column":4},"end":{"line":46,"column":5}},"8":{"start":{"line":22,"column":49},"end":{"line":23,"column":null}},"9":{"start":{"line":26,"column":21},"end":{"line":26,"column":37}},"10":{"start":{"line":28,"column":19},"end":{"line":35,"column":8}},"11":{"start":{"line":37,"column":6},"end":{"line":37,"column":57}},"12":{"start":{"line":39,"column":6},"end":{"line":43,"column":7}},"13":{"start":{"line":40,"column":8},"end":{"line":42,"column":74}},"14":{"start":{"line":44,"column":6},"end":{"line":44,"column":56}},"15":{"start":{"line":45,"column":6},"end":{"line":45,"column":74}},"16":{"start":{"line":5,"column":0},"end":{"line":5,"column":7}}},"fnMap":{"0":{"name":"createTaskRoute","decl":{"start":{"line":5,"column":22},"end":{"line":5,"column":37}},"loc":{"start":{"line":5,"column":58},"end":{"line":48,"column":1}}},"1":{"name":"(anonymous_1)","decl":{"start":{"line":6,"column":21},"end":{"line":6,"column":26}},"loc":{"start":{"line":6,"column":46},"end":{"line":47,"column":3}}}},"branchMap":{"0":{"loc":{"start":{"line":33,"column":22},"end":{"line":33,"column":40}},"type":"binary-expr","locations":[{"start":{"line":33,"column":22},"end":{"line":33,"column":32}},{"start":{"line":33,"column":36},"end":{"line":33,"column":40}}]},"1":{"loc":{"start":{"line":39,"column":6},"end":{"line":43,"column":7}},"type":"if","locations":[{"start":{"line":39,"column":6},"end":{"line":43,"column":7}},{"start":{},"end":{}}]}},"s":{"0":1,"1":1,"2":1,"3":0,"4":0,"5":0,"6":0,"7":0,"8":0,"9":0,"10":0,"11":0,"12":0,"13":0,"14":0,"15":0,"16":1},"f":{"0":1,"1":0},"b":{"0":[0,0],"1":[0,0]}}
,"C:\\Users\\flavi\\code\\task-manager\\src\\routes\\create-user.ts": {"path":"C:\\Users\\flavi\\code\\task-manager\\src\\routes\\create-user.ts","statementMap":{"0":{"start":{"line":1,"column":0},"end":{"line":1,"column":24}},"1":{"start":{"line":2,"column":0},"end":{"line":2,"column":30}},"2":{"start":{"line":4,"column":0},"end":{"line":4,"column":42}},"3":{"start":{"line":7,"column":2},"end":{"line":49,"column":5}},"4":{"start":{"line":8,"column":4},"end":{"line":48,"column":5}},"5":{"start":{"line":9,"column":31},"end":{"line":13,"column":8}},"6":{"start":{"line":15,"column":40},"end":{"line":15,"column":76}},"7":{"start":{"line":17,"column":32},"end":{"line":19,"column":8}},"8":{"start":{"line":21,"column":6},"end":{"line":23,"column":7}},"9":{"start":{"line":22,"column":8},"end":{"line":22,"column":75}},"10":{"start":{"line":25,"column":27},"end":{"line":25,"column":57}},"11":{"start":{"line":27,"column":19},"end":{"line":33,"column":8}},"12":{"start":{"line":35,"column":6},"end":{"line":35,"column":57}},"13":{"start":{"line":37,"column":6},"end":{"line":45,"column":7}},"14":{"start":{"line":38,"column":8},"end":{"line":44,"column":11}},"15":{"start":{"line":40,"column":45},"end":{"line":43,"column":12}},"16":{"start":{"line":47,"column":6},"end":{"line":47,"column":78}},"17":{"start":{"line":6,"column":0},"end":{"line":6,"column":7}}},"fnMap":{"0":{"name":"createUserRoute","decl":{"start":{"line":6,"column":22},"end":{"line":6,"column":37}},"loc":{"start":{"line":6,"column":58},"end":{"line":50,"column":1}}},"1":{"name":"(anonymous_2)","decl":{"start":{"line":7,"column":21},"end":{"line":7,"column":26}},"loc":{"start":{"line":7,"column":46},"end":{"line":49,"column":3}}},"2":{"name":"(anonymous_3)","decl":{"start":{"line":40,"column":35},"end":{"line":40,"column":36}},"loc":{"start":{"line":40,"column":45},"end":{"line":43,"column":12}}}},"branchMap":{"0":{"loc":{"start":{"line":21,"column":6},"end":{"line":23,"column":7}},"type":"if","locations":[{"start":{"line":21,"column":6},"end":{"line":23,"column":7}},{"start":{},"end":{}}]},"1":{"loc":{"start":{"line":37,"column":6},"end":{"line":45,"column":7}},"type":"if","locations":[{"start":{"line":37,"column":6},"end":{"line":45,"column":7}},{"start":{},"end":{}}]}},"s":{"0":1,"1":1,"2":1,"3":1,"4":1,"5":1,"6":1,"7":1,"8":1,"9":1,"10":0,"11":0,"12":0,"13":0,"14":0,"15":0,"16":0,"17":1},"f":{"0":1,"1":1,"2":0},"b":{"0":[1,0],"1":[0,0]}}
,"C:\\Users\\flavi\\code\\task-manager\\src\\routes\\get-metrics.ts": {"path":"C:\\Users\\flavi\\code\\task-manager\\src\\routes\\get-metrics.ts","statementMap":{"0":{"start":{"line":2,"column":0},"end":{"line":2,"column":42}},"1":{"start":{"line":5,"column":2},"end":{"line":52,"column":5}},"2":{"start":{"line":6,"column":4},"end":{"line":51,"column":5}},"3":{"start":{"line":7,"column":6},"end":{"line":7,"column":32}},"4":{"start":{"line":8,"column":21},"end":{"line":8,"column":37}},"5":{"start":{"line":11,"column":60},"end":{"line":33,"column":8}},"6":{"start":{"line":37,"column":8},"end":{"line":37,"column":76}},"7":{"start":{"line":39,"column":6},"end":{"line":45,"column":9}},"8":{"start":{"line":47,"column":6},"end":{"line":47,"column":55}},"9":{"start":{"line":48,"column":6},"end":{"line":50,"column":68}},"10":{"start":{"line":4,"column":0},"end":{"line":4,"column":7}}},"fnMap":{"0":{"name":"getMetricsRoute","decl":{"start":{"line":4,"column":22},"end":{"line":4,"column":37}},"loc":{"start":{"line":4,"column":58},"end":{"line":53,"column":1}}},"1":{"name":"(anonymous_1)","decl":{"start":{"line":5,"column":22},"end":{"line":5,"column":27}},"loc":{"start":{"line":5,"column":47},"end":{"line":52,"column":3}}}},"branchMap":{"0":{"loc":{"start":{"line":37,"column":8},"end":{"line":37,"column":76}},"type":"cond-expr","locations":[{"start":{"line":37,"column":25},"end":{"line":37,"column":72}},{"start":{"line":37,"column":75},"end":{"line":37,"column":76}}]}},"s":{"0":1,"1":1,"2":0,"3":0,"4":0,"5":0,"6":0,"7":0,"8":0,"9":0,"10":1},"f":{"0":1,"1":0},"b":{"0":[0,0]}}
,"C:\\Users\\flavi\\code\\task-manager\\src\\routes\\get-tasks.ts": {"path":"C:\\Users\\flavi\\code\\task-manager\\src\\routes\\get-tasks.ts","statementMap":{"0":{"start":{"line":2,"column":0},"end":{"line":2,"column":42}},"1":{"start":{"line":5,"column":2},"end":{"line":52,"column":5}},"2":{"start":{"line":6,"column":4},"end":{"line":51,"column":5}},"3":{"start":{"line":8,"column":6},"end":{"line":8,"column":32}},"4":{"start":{"line":9,"column":21},"end":{"line":9,"column":37}},"5":{"start":{"line":12,"column":20},"end":{"line":43,"column":8}},"6":{"start":{"line":45,"column":6},"end":{"line":45,"column":31}},"7":{"start":{"line":47,"column":6},"end":{"line":47,"column":54}},"8":{"start":{"line":48,"column":6},"end":{"line":50,"column":65}},"9":{"start":{"line":4,"column":0},"end":{"line":4,"column":7}}},"fnMap":{"0":{"name":"getTasksRoute","decl":{"start":{"line":4,"column":22},"end":{"line":4,"column":35}},"loc":{"start":{"line":4,"column":56},"end":{"line":53,"column":1}}},"1":{"name":"(anonymous_1)","decl":{"start":{"line":5,"column":20},"end":{"line":5,"column":25}},"loc":{"start":{"line":5,"column":45},"end":{"line":52,"column":3}}}},"branchMap":{},"s":{"0":1,"1":1,"2":0,"3":0,"4":0,"5":0,"6":0,"7":0,"8":0,"9":1},"f":{"0":1,"1":0},"b":{}}
,"C:\\Users\\flavi\\code\\task-manager\\src\\routes\\share-task.ts": {"path":"C:\\Users\\flavi\\code\\task-manager\\src\\routes\\share-task.ts","statementMap":{"0":{"start":{"line":2,"column":0},"end":{"line":2,"column":24}},"1":{"start":{"line":3,"column":0},"end":{"line":3,"column":42}},"2":{"start":{"line":6,"column":2},"end":{"line":81,"column":5}},"3":{"start":{"line":7,"column":4},"end":{"line":80,"column":5}},"4":{"start":{"line":8,"column":6},"end":{"line":8,"column":32}},"5":{"start":{"line":10,"column":27},"end":{"line":12,"column":8}},"6":{"start":{"line":14,"column":25},"end":{"line":16,"column":8}},"7":{"start":{"line":18,"column":21},"end":{"line":18,"column":55}},"8":{"start":{"line":19,"column":24},"end":{"line":19,"column":54}},"9":{"start":{"line":20,"column":21},"end":{"line":20,"column":37}},"10":{"start":{"line":24,"column":19},"end":{"line":29,"column":8}},"11":{"start":{"line":31,"column":6},"end":{"line":36,"column":7}},"12":{"start":{"line":32,"column":8},"end":{"line":35,"column":11}},"13":{"start":{"line":39,"column":26},"end":{"line":41,"column":8}},"14":{"start":{"line":43,"column":6},"end":{"line":47,"column":7}},"15":{"start":{"line":44,"column":8},"end":{"line":46,"column":66}},"16":{"start":{"line":50,"column":6},"end":{"line":54,"column":7}},"17":{"start":{"line":51,"column":8},"end":{"line":53,"column":63}},"18":{"start":{"line":58,"column":6},"end":{"line":65,"column":9}},"19":{"start":{"line":67,"column":6},"end":{"line":69,"column":76}},"20":{"start":{"line":71,"column":6},"end":{"line":75,"column":7}},"21":{"start":{"line":72,"column":8},"end":{"line":74,"column":74}},"22":{"start":{"line":76,"column":6},"end":{"line":76,"column":52}},"23":{"start":{"line":77,"column":6},"end":{"line":79,"column":67}},"24":{"start":{"line":5,"column":0},"end":{"line":5,"column":7}}},"fnMap":{"0":{"name":"shareTaskRoute","decl":{"start":{"line":5,"column":22},"end":{"line":5,"column":36}},"loc":{"start":{"line":5,"column":57},"end":{"line":82,"column":1}}},"1":{"name":"(anonymous_1)","decl":{"start":{"line":6,"column":31},"end":{"line":6,"column":36}},"loc":{"start":{"line":6,"column":56},"end":{"line":81,"column":3}}}},"branchMap":{"0":{"loc":{"start":{"line":31,"column":6},"end":{"line":36,"column":7}},"type":"if","locations":[{"start":{"line":31,"column":6},"end":{"line":36,"column":7}},{"start":{},"end":{}}]},"1":{"loc":{"start":{"line":43,"column":6},"end":{"line":47,"column":7}},"type":"if","locations":[{"start":{"line":43,"column":6},"end":{"line":47,"column":7}},{"start":{},"end":{}}]},"2":{"loc":{"start":{"line":50,"column":6},"end":{"line":54,"column":7}},"type":"if","locations":[{"start":{"line":50,"column":6},"end":{"line":54,"column":7}},{"start":{},"end":{}}]},"3":{"loc":{"start":{"line":71,"column":6},"end":{"line":75,"column":7}},"type":"if","locations":[{"start":{"line":71,"column":6},"end":{"line":75,"column":7}},{"start":{},"end":{}}]}},"s":{"0":1,"1":1,"2":1,"3":0,"4":0,"5":0,"6":0,"7":0,"8":0,"9":0,"10":0,"11":0,"12":0,"13":0,"14":0,"15":0,"16":0,"17":0,"18":0,"19":0,"20":0,"21":0,"22":0,"23":0,"24":1},"f":{"0":1,"1":0},"b":{"0":[0,0],"1":[0,0],"2":[0,0],"3":[0,0]}}
,"C:\\Users\\flavi\\code\\task-manager\\src\\routes\\update-task-status.ts": {"path":"C:\\Users\\flavi\\code\\task-manager\\src\\routes\\update-task-status.ts","statementMap":{"0":{"start":{"line":2,"column":0},"end":{"line":2,"column":24}},"1":{"start":{"line":3,"column":0},"end":{"line":3,"column":42}},"2":{"start":{"line":6,"column":2},"end":{"line":63,"column":5}},"3":{"start":{"line":7,"column":4},"end":{"line":62,"column":5}},"4":{"start":{"line":9,"column":6},"end":{"line":9,"column":32}},"5":{"start":{"line":12,"column":27},"end":{"line":14,"column":8}},"6":{"start":{"line":16,"column":25},"end":{"line":22,"column":8}},"7":{"start":{"line":18,"column":27},"end":{"line":20,"column":12}},"8":{"start":{"line":24,"column":21},"end":{"line":24,"column":55}},"9":{"start":{"line":25,"column":25},"end":{"line":25,"column":55}},"10":{"start":{"line":26,"column":21},"end":{"line":26,"column":37}},"11":{"start":{"line":29,"column":19},"end":{"line":34,"column":8}},"12":{"start":{"line":36,"column":6},"end":{"line":41,"column":7}},"13":{"start":{"line":37,"column":8},"end":{"line":40,"column":11}},"14":{"start":{"line":44,"column":6},"end":{"line":47,"column":9}},"15":{"start":{"line":49,"column":6},"end":{"line":51,"column":9}},"16":{"start":{"line":53,"column":6},"end":{"line":57,"column":7}},"17":{"start":{"line":54,"column":8},"end":{"line":56,"column":74}},"18":{"start":{"line":58,"column":6},"end":{"line":58,"column":56}},"19":{"start":{"line":59,"column":6},"end":{"line":61,"column":64}},"20":{"start":{"line":5,"column":0},"end":{"line":5,"column":7}}},"fnMap":{"0":{"name":"updateTaskStatusRoute","decl":{"start":{"line":5,"column":22},"end":{"line":5,"column":43}},"loc":{"start":{"line":5,"column":64},"end":{"line":64,"column":1}}},"1":{"name":"(anonymous_1)","decl":{"start":{"line":6,"column":33},"end":{"line":6,"column":38}},"loc":{"start":{"line":6,"column":58},"end":{"line":63,"column":3}}},"2":{"name":"(anonymous_2)","decl":{"start":{"line":18,"column":20},"end":{"line":18,"column":23}},"loc":{"start":{"line":18,"column":27},"end":{"line":20,"column":12}}}},"branchMap":{"0":{"loc":{"start":{"line":36,"column":6},"end":{"line":41,"column":7}},"type":"if","locations":[{"start":{"line":36,"column":6},"end":{"line":41,"column":7}},{"start":{},"end":{}}]},"1":{"loc":{"start":{"line":53,"column":6},"end":{"line":57,"column":7}},"type":"if","locations":[{"start":{"line":53,"column":6},"end":{"line":57,"column":7}},{"start":{},"end":{}}]}},"s":{"0":1,"1":1,"2":1,"3":0,"4":0,"5":0,"6":0,"7":0,"8":0,"9":0,"10":0,"11":0,"12":0,"13":0,"14":0,"15":0,"16":0,"17":0,"18":0,"19":0,"20":1},"f":{"0":1,"1":0,"2":0},"b":{"0":[0,0],"1":[0,0]}}
}
