TN:
SF:src\lambda.ts
FNF:0
FNH:0
DA:4,0
LF:1
LH:0
BRF:0
BRH:0
end_of_record
TN:
SF:src\@types\fastify-jwt.d.ts
FNF:0
FNH:0
LF:0
LH:0
BRF:0
BRH:0
end_of_record
TN:
SF:src\docs\auth-swagger.ts
FNF:0
FNH:0
DA:1,1
LF:1
LH:1
BRF:0
BRH:0
end_of_record
TN:
SF:src\docs\category-swagger.ts
FNF:0
FNH:0
DA:1,1
LF:1
LH:1
BRF:0
BRH:0
end_of_record
TN:
SF:src\docs\metrics-swagger.ts
FNF:0
FNH:0
DA:1,1
LF:1
LH:1
BRF:0
BRH:0
end_of_record
TN:
SF:src\docs\task-swagger.ts
FNF:0
FNH:0
DA:1,1
DA:63,1
DA:132,1
DA:191,1
LF:4
LH:4
BRF:0
BRH:0
end_of_record
TN:
SF:src\docs\user-swagger.ts
FNF:0
FNH:0
DA:1,1
LF:1
LH:1
BRF:0
BRH:0
end_of_record
TN:
SF:src\lib\prisma.ts
FNF:0
FNH:0
DA:4,1
DA:9,1
DA:14,1
LF:3
LH:3
BRDA:9,0,0,1
BRDA:9,0,1,1
BRDA:11,1,0,1
BRDA:11,1,1,0
BRDA:14,2,0,1
BRDA:14,2,1,0
BRF:6
BRH:4
end_of_record
TN:
SF:src\routes\authenticate.ts
FN:7,authenticateRoute
FN:8,(anonymous_1)
FNF:2
FNH:1
FNDA:1,authenticateRoute
FNDA:0,(anonymous_1)
DA:8,1
DA:9,0
DA:10,0
DA:15,0
DA:17,0
DA:21,0
DA:22,0
DA:25,0
DA:33,0
DA:35,0
DA:36,0
DA:40,0
LF:12
LH:1
BRDA:21,0,0,0
BRDA:21,0,1,0
BRDA:21,1,0,0
BRDA:21,1,1,0
BRDA:35,2,0,0
BRDA:35,2,1,0
BRF:6
BRH:0
end_of_record
TN:
SF:src\routes\create-category.ts
FN:6,createCategoryRoute
FN:7,(anonymous_1)
FNF:2
FNH:1
FNDA:1,createCategoryRoute
FNDA:0,(anonymous_1)
DA:7,1
DA:8,0
DA:9,0
DA:11,0
DA:17,0
DA:18,0
DA:20,0
DA:27,0
DA:29,0
DA:30,0
DA:35,0
LF:11
LH:1
BRDA:29,0,0,0
BRDA:29,0,1,0
BRF:2
BRH:0
end_of_record
TN:
SF:src\routes\create-task.ts
FN:6,createTaskRoute
FN:7,(anonymous_1)
FNF:2
FNH:1
FNDA:1,createTaskRoute
FNDA:0,(anonymous_1)
DA:7,1
DA:8,0
DA:9,0
DA:11,0
DA:16,0
DA:22,0
DA:23,0
DA:27,0
DA:29,0
DA:38,0
DA:40,0
DA:41,0
DA:45,0
LF:13
LH:1
BRDA:34,0,0,0
BRDA:34,0,1,0
BRDA:34,1,0,0
BRDA:34,1,1,0
BRDA:40,2,0,0
BRDA:40,2,1,0
BRF:6
BRH:0
end_of_record
TN:
SF:src\routes\create-user.ts
FN:7,createUserRoute
FN:8,(anonymous_1)
FN:37,(anonymous_2)
FNF:3
FNH:1
FNDA:1,createUserRoute
FNDA:0,(anonymous_1)
FNDA:0,(anonymous_2)
DA:8,1
DA:9,0
DA:10,0
DA:16,0
DA:18,0
DA:22,0
DA:23,0
DA:26,0
DA:28,0
DA:32,0
DA:34,0
DA:35,0
DA:37,0
DA:43,0
LF:14
LH:1
BRDA:22,0,0,0
BRDA:22,0,1,0
BRDA:34,1,0,0
BRDA:34,1,1,0
BRF:4
BRH:0
end_of_record
TN:
SF:src\routes\get-metrics.ts
FN:5,getMetricsRoute
FN:6,(anonymous_1)
FNF:2
FNH:2
FNDA:1,getMetricsRoute
FNDA:4,(anonymous_1)
DA:6,1
DA:7,4
DA:8,4
DA:9,3
DA:17,3
DA:53,2
DA:55,2
DA:64,2
LF:8
LH:8
BRDA:53,0,0,1
BRDA:53,0,1,1
BRF:2
BRH:2
end_of_record
TN:
SF:src\routes\get-tasks.ts
FN:5,getTasksRoute
FN:6,(anonymous_1)
FNF:2
FNH:1
FNDA:1,getTasksRoute
FNDA:0,(anonymous_1)
DA:6,1
DA:7,0
DA:8,0
DA:9,0
DA:11,0
DA:41,0
DA:43,0
LF:7
LH:1
BRF:0
BRH:0
end_of_record
TN:
SF:src\routes\share-task.ts
FN:6,shareTaskRoute
FN:7,(anonymous_1)
FNF:2
FNH:1
FNDA:1,shareTaskRoute
FNDA:0,(anonymous_1)
DA:7,1
DA:8,0
DA:9,0
DA:11,0
DA:15,0
DA:19,0
DA:20,0
DA:21,0
DA:23,0
DA:30,0
DA:31,0
DA:37,0
DA:41,0
DA:42,0
DA:47,0
DA:48,0
DA:53,0
DA:62,0
DA:66,0
DA:67,0
DA:71,0
LF:21
LH:1
BRDA:30,0,0,0
BRDA:30,0,1,0
BRDA:41,1,0,0
BRDA:41,1,1,0
BRDA:47,2,0,0
BRDA:47,2,1,0
BRDA:66,3,0,0
BRDA:66,3,1,0
BRF:8
BRH:0
end_of_record
TN:
SF:src\routes\update-task-status.ts
FN:6,updateTaskStatusRoute
FN:10,(anonymous_1)
FN:20,(anonymous_2)
FNF:3
FNH:1
FNDA:1,updateTaskStatusRoute
FNDA:0,(anonymous_1)
FNDA:0,(anonymous_2)
DA:7,1
DA:11,0
DA:12,0
DA:14,0
DA:18,0
DA:20,0
DA:26,0
DA:27,0
DA:28,0
DA:30,0
DA:37,0
DA:38,0
DA:44,0
DA:49,0
DA:53,0
DA:54,0
DA:58,0
LF:17
LH:1
BRDA:37,0,0,0
BRDA:37,0,1,0
BRDA:53,1,0,0
BRDA:53,1,1,0
BRF:4
BRH:0
end_of_record
