TN:
SF:src\lambda.ts
FNF:0
FNH:0
DA:4,0
LF:1
LH:0
BRF:0
BRH:0
end_of_record
TN:
SF:src\@types\fastify-jwt.d.ts
FNF:0
FNH:0
LF:0
LH:0
BRF:0
BRH:0
end_of_record
TN:
SF:src\docs\auth-swagger.ts
FNF:0
FNH:0
DA:1,8
LF:1
LH:1
BRF:0
BRH:0
end_of_record
TN:
SF:src\docs\category-swagger.ts
FNF:0
FNH:0
DA:1,8
LF:1
LH:1
BRF:0
BRH:0
end_of_record
TN:
SF:src\docs\metrics-swagger.ts
FNF:0
FNH:0
DA:1,8
LF:1
LH:1
BRF:0
BRH:0
end_of_record
TN:
SF:src\docs\task-swagger.ts
FNF:0
FNH:0
DA:1,8
DA:63,8
DA:132,8
LF:3
LH:3
BRF:0
BRH:0
end_of_record
TN:
SF:src\docs\user-swagger.ts
FNF:0
FNH:0
DA:1,8
LF:1
LH:1
BRF:0
BRH:0
end_of_record
TN:
SF:src\lib\prisma.ts
FNF:0
FNH:0
DA:4,8
DA:9,8
DA:14,8
LF:3
LH:3
BRDA:9,0,0,8
BRDA:9,0,1,8
BRDA:11,1,0,8
BRDA:11,1,1,0
BRDA:14,2,0,8
BRDA:14,2,1,0
BRF:6
BRH:4
end_of_record
TN:
SF:src\routes\authenticate.ts
FN:7,authenticateRoute
FN:8,(anonymous_1)
FNF:2
FNH:2
FNDA:8,authenticateRoute
FNDA:4,(anonymous_1)
DA:8,8
DA:9,4
DA:10,4
DA:15,4
DA:17,4
DA:21,3
DA:22,2
DA:25,1
DA:33,1
DA:35,1
DA:36,0
DA:40,1
LF:12
LH:11
BRDA:21,0,0,2
BRDA:21,0,1,1
BRDA:21,1,0,3
BRDA:21,1,1,2
BRDA:35,2,0,0
BRDA:35,2,1,1
BRF:6
BRH:5
end_of_record
TN:
SF:src\routes\create-category.ts
FN:6,createCategoryRoute
FN:7,(anonymous_1)
FNF:2
FNH:2
FNDA:8,createCategoryRoute
FNDA:2,(anonymous_1)
DA:7,8
DA:8,2
DA:9,2
DA:11,1
DA:17,1
DA:18,1
DA:20,1
DA:27,1
DA:29,1
DA:30,0
DA:35,1
LF:11
LH:10
BRDA:29,0,0,0
BRDA:29,0,1,1
BRF:2
BRH:1
end_of_record
TN:
SF:src\routes\create-task.ts
FN:6,createTaskRoute
FN:7,(anonymous_1)
FNF:2
FNH:2
FNDA:8,createTaskRoute
FNDA:4,(anonymous_1)
DA:7,8
DA:8,4
DA:9,4
DA:11,1
DA:16,3
DA:22,3
DA:23,3
DA:27,3
DA:29,3
DA:38,2
DA:40,1
DA:41,0
DA:45,1
LF:13
LH:12
BRDA:34,0,0,1
BRDA:34,0,1,2
BRDA:34,1,0,3
BRDA:34,1,1,1
BRDA:40,2,0,0
BRDA:40,2,1,1
BRF:6
BRH:5
end_of_record
TN:
SF:src\routes\create-user.ts
FN:7,createUserRoute
FN:8,(anonymous_1)
FN:37,(anonymous_2)
FNF:3
FNH:2
FNDA:8,createUserRoute
FNDA:3,(anonymous_1)
FNDA:0,(anonymous_2)
DA:8,8
DA:9,3
DA:10,3
DA:16,3
DA:18,3
DA:22,3
DA:23,1
DA:26,2
DA:28,2
DA:32,1
DA:34,1
DA:35,0
DA:37,0
DA:43,1
LF:14
LH:12
BRDA:22,0,0,1
BRDA:22,0,1,2
BRDA:34,1,0,0
BRDA:34,1,1,1
BRF:4
BRH:3
end_of_record
TN:
SF:src\routes\get-metrics.ts
FN:5,getMetricsRoute
FN:6,(anonymous_1)
FNF:2
FNH:2
FNDA:8,getMetricsRoute
FNDA:4,(anonymous_1)
DA:6,8
DA:7,4
DA:8,4
DA:9,3
DA:11,3
DA:33,2
DA:35,2
DA:43,2
LF:8
LH:8
BRDA:33,0,0,1
BRDA:33,0,1,1
BRF:2
BRH:2
end_of_record
TN:
SF:src\routes\get-tasks.ts
FN:5,getTasksRoute
FN:6,(anonymous_1)
FNF:2
FNH:2
FNDA:8,getTasksRoute
FNDA:3,(anonymous_1)
DA:6,8
DA:7,3
DA:8,3
DA:9,2
DA:11,2
DA:41,1
DA:43,2
LF:7
LH:7
BRF:0
BRH:0
end_of_record
TN:
SF:src\routes\share-task.ts
FN:5,shareTaskRoute
FN:6,(anonymous_1)
FNF:2
FNH:2
FNDA:8,shareTaskRoute
FNDA:7,(anonymous_1)
DA:6,8
DA:7,7
DA:8,7
DA:10,7
DA:14,7
DA:18,7
DA:19,6
DA:20,5
DA:22,5
DA:29,5
DA:30,1
DA:36,4
DA:40,4
DA:41,1
DA:46,3
DA:47,1
DA:52,2
DA:61,1
DA:65,3
DA:66,2
DA:70,1
LF:21
LH:21
BRDA:29,0,0,1
BRDA:29,0,1,4
BRDA:40,1,0,1
BRDA:40,1,1,3
BRDA:46,2,0,1
BRDA:46,2,1,2
BRDA:65,3,0,2
BRDA:65,3,1,1
BRF:8
BRH:8
end_of_record
TN:
SF:src\routes\update-task-status.ts
FN:6,updateTaskStatusRoute
FN:10,(anonymous_1)
FN:20,(anonymous_2)
FNF:3
FNH:2
FNDA:8,updateTaskStatusRoute
FNDA:3,(anonymous_1)
FNDA:0,(anonymous_2)
DA:7,8
DA:11,3
DA:12,3
DA:14,3
DA:18,3
DA:20,0
DA:26,3
DA:27,3
DA:28,3
DA:30,3
DA:37,3
DA:38,1
DA:44,2
DA:49,1
DA:53,1
DA:54,0
DA:58,1
LF:17
LH:15
BRDA:37,0,0,1
BRDA:37,0,1,2
BRDA:53,1,0,0
BRDA:53,1,1,1
BRF:4
BRH:3
end_of_record
